<?xml version="1.0" encoding="UTF-8"?>
<testsuite name="net.ict.springex.service.TodoServiceTest" tests="1" skipped="0" failures="0" errors="0" timestamp="2022-11-16T03:06:09" hostname="DESKTOP-4U9DCFB" time="0.185">
  <properties/>
  <testcase name="testPaging()" classname="net.ict.springex.service.TodoServiceTest" time="0.185"/>
  <system-out><![CDATA[12:06:07  INFO [org.springframework.test.context.support.DefaultTestContextBootstrapper] Loaded default TestExecutionListener class names from location [META-INF/spring.factories]: [org.springframework.test.context.web.ServletTestExecutionListener, org.springframework.test.context.support.DirtiesContextBeforeModesTestExecutionListener, org.springframework.test.context.event.ApplicationEventsTestExecutionListener, org.springframework.test.context.support.DependencyInjectionTestExecutionListener, org.springframework.test.context.support.DirtiesContextTestExecutionListener, org.springframework.test.context.transaction.TransactionalTestExecutionListener, org.springframework.test.context.jdbc.SqlScriptsTestExecutionListener, org.springframework.test.context.event.EventPublishingTestExecutionListener]
12:06:07  INFO [org.springframework.test.context.support.DefaultTestContextBootstrapper] Using TestExecutionListeners: [org.springframework.test.context.support.DirtiesContextBeforeModesTestExecutionListener@13e698c7, org.springframework.test.context.event.ApplicationEventsTestExecutionListener@aed0151, org.springframework.test.context.support.DependencyInjectionTestExecutionListener@267bbe1a, org.springframework.test.context.support.DirtiesContextTestExecutionListener@1f12e153, org.springframework.test.context.transaction.TransactionalTestExecutionListener@389562d6, org.springframework.test.context.jdbc.SqlScriptsTestExecutionListener@5a101b1c, org.springframework.test.context.event.EventPublishingTestExecutionListener@2160e52a]
12:06:08  INFO [com.zaxxer.hikari.HikariDataSource] HikariPool-1 - Starting...
12:06:08  INFO [com.zaxxer.hikari.pool.HikariPool] HikariPool-1 - Added connection org.mariadb.jdbc.Connection@54e3658c
12:06:08  INFO [com.zaxxer.hikari.HikariDataSource] HikariPool-1 - Start completed.
12:06:09  INFO [net.ict.springex.service.TodoServiceTest] PageResponseDTO(page=1, size=10, total=378, start=1, end=10, prev=false, next=true, dtoList=[TodoDTO(tno=442, title=하루가 길어요, dueDate=2022-11-19, finished=false, writer=벌써 겨울이라니), TodoDTO(tno=441, title=오늘은수요일이 아닙니다., dueDate=2022-11-16, finished=false, writer=정), TodoDTO(tno=440, title=Test TodoDTO...., dueDate=2022-11-14, finished=false, writer=ict01), TodoDTO(tno=439, title=내몸에 총알 자국이 몇갠지 아십니까, dueDate=2022-12-25, finished=false, writer=일천구백 십이년 하얼빈에서 한발. 일펀구백 십칠년 청해에서 한발 .총알 자국이 두우개지요), TodoDTO(tno=438, title=바나나차차, dueDate=2022-12-12, finished=false, writer=바나나 차차 바나나 차차 바나나 차차차차차 차차 바나나 차차 바나나 차차 바나나 차차차), TodoDTO(tno=437, title=빅맥쏭, dueDate=2022-12-21, finished=false, writer=참깨빵위에 순쇠고기 패티두장 특별한 소스 양상추 치즈 피클 양파까아지 빠랍빱빠빠), TodoDTO(tno=436, title=하루가 길어요, dueDate=2022-11-19, finished=false, writer=벌써 겨울이라니), TodoDTO(tno=435, title=오늘은수요일이 아닙니다., dueDate=2022-11-16, finished=false, writer=정), TodoDTO(tno=434, title=Test TodoDTO...., dueDate=2022-11-14, finished=false, writer=ict01), TodoDTO(tno=433, title=내몸에 총알 자국이 몇갠지 아십니까, dueDate=2022-12-25, finished=false, writer=일천구백 십이년 하얼빈에서 한발. 일펀구백 십칠년 청해에서 한발 .총알 자국이 두우개지요)])
12:06:09  INFO [net.ict.springex.service.TodoServiceTest] TodoDTO(tno=442, title=하루가 길어요, dueDate=2022-11-19, finished=false, writer=벌써 겨울이라니)
12:06:09  INFO [net.ict.springex.service.TodoServiceTest] TodoDTO(tno=441, title=오늘은수요일이 아닙니다., dueDate=2022-11-16, finished=false, writer=정)
12:06:09  INFO [net.ict.springex.service.TodoServiceTest] TodoDTO(tno=440, title=Test TodoDTO...., dueDate=2022-11-14, finished=false, writer=ict01)
12:06:09  INFO [net.ict.springex.service.TodoServiceTest] TodoDTO(tno=439, title=내몸에 총알 자국이 몇갠지 아십니까, dueDate=2022-12-25, finished=false, writer=일천구백 십이년 하얼빈에서 한발. 일펀구백 십칠년 청해에서 한발 .총알 자국이 두우개지요)
12:06:09  INFO [net.ict.springex.service.TodoServiceTest] TodoDTO(tno=438, title=바나나차차, dueDate=2022-12-12, finished=false, writer=바나나 차차 바나나 차차 바나나 차차차차차 차차 바나나 차차 바나나 차차 바나나 차차차)
12:06:09  INFO [net.ict.springex.service.TodoServiceTest] TodoDTO(tno=437, title=빅맥쏭, dueDate=2022-12-21, finished=false, writer=참깨빵위에 순쇠고기 패티두장 특별한 소스 양상추 치즈 피클 양파까아지 빠랍빱빠빠)
12:06:09  INFO [net.ict.springex.service.TodoServiceTest] TodoDTO(tno=436, title=하루가 길어요, dueDate=2022-11-19, finished=false, writer=벌써 겨울이라니)
12:06:09  INFO [net.ict.springex.service.TodoServiceTest] TodoDTO(tno=435, title=오늘은수요일이 아닙니다., dueDate=2022-11-16, finished=false, writer=정)
12:06:09  INFO [net.ict.springex.service.TodoServiceTest] TodoDTO(tno=434, title=Test TodoDTO...., dueDate=2022-11-14, finished=false, writer=ict01)
12:06:09  INFO [net.ict.springex.service.TodoServiceTest] TodoDTO(tno=433, title=내몸에 총알 자국이 몇갠지 아십니까, dueDate=2022-12-25, finished=false, writer=일천구백 십이년 하얼빈에서 한발. 일펀구백 십칠년 청해에서 한발 .총알 자국이 두우개지요)
]]></system-out>
  <system-err><![CDATA[]]></system-err>
</testsuite>
